SF:lib\data\datasources\movie_local_data_source.dart
DA:16,1
DA:18,1
DA:21,2
DA:24,2
DA:28,1
DA:31,2
DA:34,2
DA:38,1
DA:40,2
DA:42,1
DA:48,1
DA:50,2
DA:51,4
LF:13
LH:13
end_of_record
SF:lib\data\models\movie_table.dart
DA:13,2
DA:21,2
DA:22,1
DA:23,1
DA:24,1
DA:25,1
DA:29,2
DA:30,1
DA:31,1
DA:32,1
DA:33,1
DA:37,0
DA:38,0
DA:39,0
DA:40,0
DA:41,0
DA:42,0
DA:45,2
DA:46,1
DA:47,1
DA:48,1
DA:49,1
DA:52,2
DA:54,10
LF:24
LH:18
end_of_record
SF:lib\domain\entities\movie.dart
DA:4,11
DA:20,2
DA:41,8
DA:42,8
DA:43,8
DA:44,8
DA:45,8
DA:46,8
DA:47,8
DA:48,8
DA:49,8
DA:50,8
DA:51,8
DA:52,8
DA:53,8
DA:54,8
DA:55,8
LF:17
LH:17
end_of_record
SF:lib\domain\entities\movie_detail.dart
DA:5,7
DA:33,2
DA:34,2
DA:35,2
DA:36,2
DA:37,2
DA:38,2
DA:39,2
DA:40,2
DA:41,2
DA:42,2
DA:43,2
DA:44,2
DA:45,2
LF:14
LH:14
end_of_record
SF:lib\data\datasources\movie_remote_data_source.dart
DA:23,1
DA:25,1
DA:28,4
DA:30,2
DA:31,4
DA:33,1
DA:37,1
DA:40,4
DA:42,2
DA:43,3
DA:45,1
DA:49,1
DA:51,1
DA:52,3
DA:54,2
DA:55,4
DA:57,1
DA:61,1
DA:64,4
DA:66,2
DA:67,4
DA:69,1
DA:73,1
DA:76,4
DA:78,2
DA:79,4
DA:81,1
DA:85,1
DA:87,1
DA:88,3
DA:90,2
DA:91,4
DA:93,1
LF:33
LH:33
end_of_record
SF:lib\data\models\movie_detail_model.dart
DA:7,2
DA:53,1
DA:54,1
DA:55,1
DA:56,1
DA:57,1
DA:58,1
DA:59,4
DA:60,1
DA:61,1
DA:62,1
DA:63,1
DA:64,1
DA:65,1
DA:66,2
DA:67,1
DA:68,1
DA:69,1
DA:70,1
DA:71,1
DA:72,1
DA:73,1
DA:74,1
DA:75,2
DA:76,1
DA:79,0
DA:80,0
DA:81,0
DA:82,0
DA:83,0
DA:84,0
DA:85,0
DA:86,0
DA:87,0
DA:88,0
DA:89,0
DA:90,0
DA:91,0
DA:92,0
DA:93,0
DA:94,0
DA:95,0
DA:96,0
DA:97,0
DA:98,0
DA:99,0
DA:100,0
DA:103,1
DA:104,1
DA:105,1
DA:106,1
DA:107,5
DA:108,1
DA:109,1
DA:110,1
DA:111,1
DA:112,1
DA:113,1
DA:114,1
DA:115,1
DA:116,1
DA:120,1
DA:122,1
DA:123,1
DA:124,1
DA:125,1
DA:126,1
DA:127,1
DA:128,1
DA:129,1
DA:130,1
DA:131,1
DA:132,1
DA:133,1
DA:134,1
DA:135,1
DA:136,1
DA:137,1
DA:138,1
DA:139,1
DA:140,1
DA:141,1
DA:142,1
DA:143,1
LF:84
LH:62
end_of_record
SF:lib\data\models\movie_model.dart
DA:6,4
DA:36,4
DA:37,2
DA:38,2
DA:39,8
DA:40,2
DA:41,2
DA:42,2
DA:43,4
DA:44,2
DA:45,2
DA:46,2
DA:47,2
DA:48,4
DA:49,2
DA:52,2
DA:53,1
DA:54,1
DA:55,4
DA:56,1
DA:57,1
DA:58,1
DA:59,1
DA:60,1
DA:61,1
DA:62,1
DA:63,1
DA:64,1
DA:65,1
DA:68,2
DA:69,2
DA:70,2
DA:71,2
DA:72,2
DA:73,2
DA:74,2
DA:75,2
DA:76,2
DA:77,2
DA:78,2
DA:79,2
DA:80,2
DA:81,2
DA:82,2
DA:86,2
DA:87,2
DA:88,2
DA:89,2
DA:90,2
DA:91,2
DA:92,2
DA:93,2
DA:94,2
DA:95,2
DA:96,2
DA:97,2
DA:98,2
DA:99,2
DA:100,2
LF:59
LH:59
end_of_record
SF:lib\data\models\movie_response.dart
DA:8,2
DA:10,4
DA:11,4
DA:12,6
DA:13,6
DA:16,2
DA:17,5
DA:20,1
DA:21,2
LF:9
LH:9
end_of_record
SF:lib\domain\usecases\get_watchlist_movies.dart
DA:10,1
DA:12,1
DA:13,2
LF:3
LH:3
end_of_record
SF:lib\presentation\bloc\watchlist_movie\watchlist_movie_bloc.dart
DA:11,3
DA:12,2
DA:13,2
DA:15,2
DA:17,2
DA:18,3
DA:19,1
DA:20,2
LF:8
LH:8
end_of_record
SF:lib\presentation\bloc\watchlist_movie\watchlist_movie_event.dart
DA:4,1
DA:6,0
DA:7,0
DA:11,1
DA:13,0
DA:14,0
LF:6
LH:2
end_of_record
SF:lib\presentation\bloc\watchlist_movie\watchlist_movie_state.dart
DA:6,1
DA:8,1
DA:9,1
DA:19,1
DA:21,1
DA:22,2
DA:28,1
DA:30,1
DA:31,2
LF:9
LH:9
end_of_record
SF:lib\data\repositories\movie_repository_impl.dart
DA:17,1
DA:22,1
DA:25,2
DA:26,5
DA:27,1
DA:28,2
DA:29,1
DA:30,2
DA:31,0
DA:32,0
DA:34,0
DA:38,1
DA:41,2
DA:42,2
DA:43,1
DA:44,2
DA:45,1
DA:46,2
DA:47,0
DA:48,0
DA:50,0
DA:54,1
DA:57,2
DA:58,3
DA:59,1
DA:60,2
DA:61,1
DA:62,2
DA:63,0
DA:64,0
DA:66,0
DA:70,1
DA:73,2
DA:74,5
DA:75,1
DA:76,2
DA:77,1
DA:78,2
DA:79,0
DA:80,0
DA:82,0
DA:86,1
DA:89,2
DA:90,5
DA:91,1
DA:92,2
DA:93,1
DA:94,2
DA:95,0
DA:96,0
DA:98,0
DA:102,1
DA:105,2
DA:106,5
DA:107,1
DA:108,2
DA:109,1
DA:110,2
DA:111,0
DA:112,0
DA:114,0
DA:118,1
DA:122,3
DA:123,1
DA:124,1
DA:125,3
DA:131,1
DA:135,3
DA:136,1
DA:137,1
DA:138,3
DA:142,1
DA:144,2
DA:148,1
DA:150,2
DA:151,5
LF:76
LH:58
end_of_record
SF:lib\domain\usecases\get_movie_detail.dart
DA:10,1
DA:12,1
DA:13,2
LF:3
LH:3
end_of_record
SF:lib\domain\usecases\get_movie_recommendations.dart
DA:10,1
DA:12,1
DA:13,2
LF:3
LH:3
end_of_record
SF:lib\domain\usecases\get_watchlist_status.dart
DA:6,1
DA:8,1
DA:9,2
LF:3
LH:3
end_of_record
SF:lib\domain\usecases\remove_watchlist.dart
DA:10,1
DA:12,1
DA:13,2
LF:3
LH:3
end_of_record
SF:lib\domain\usecases\save_watchlist.dart
DA:10,1
DA:12,1
DA:13,2
LF:3
LH:3
end_of_record
SF:lib\presentation\bloc\movie_detail\movie_detail_bloc.dart
DA:12,1
DA:15,2
DA:16,2
DA:17,1
DA:19,2
DA:21,2
DA:22,2
DA:24,2
DA:25,3
DA:26,1
DA:27,2
DA:28,3
DA:29,1
DA:30,2
LF:14
LH:14
end_of_record
SF:lib\presentation\bloc\movie_detail\movie_detail_event.dart
DA:4,2
DA:6,0
DA:7,0
DA:13,2
DA:15,1
DA:16,2
LF:6
LH:4
end_of_record
SF:lib\presentation\bloc\movie_detail\movie_detail_state.dart
DA:7,2
DA:9,1
DA:10,1
DA:21,2
DA:24,1
DA:25,3
DA:31,1
DA:33,1
DA:34,2
LF:9
LH:9
end_of_record
SF:lib\presentation\bloc\watchlist_movie_status\watchlist_movie_status_bloc.dart
DA:18,1
DA:22,2
DA:23,2
DA:24,1
DA:25,2
DA:26,3
DA:28,1
DA:29,0
DA:30,1
DA:31,2
DA:34,2
DA:35,1
DA:36,2
DA:37,3
DA:39,1
DA:40,0
DA:41,1
DA:42,2
DA:45,2
DA:46,1
DA:47,2
DA:48,2
LF:22
LH:20
end_of_record
SF:lib\presentation\bloc\watchlist_movie_status\watchlist_movie_status_event.dart
DA:6,2
DA:8,0
DA:9,0
DA:15,2
DA:17,0
DA:18,0
DA:24,1
DA:26,0
DA:27,0
DA:33,2
DA:35,1
DA:36,2
LF:12
LH:6
end_of_record
SF:lib\presentation\bloc\watchlist_movie_status\watchlist_movie_status_state.dart
DA:7,2
DA:9,1
DA:10,3
LF:3
LH:3
end_of_record
SF:lib\presentation\pages\movie_detail_page.dart
DA:21,1
DA:23,1
DA:24,1
DA:28,1
DA:30,1
DA:31,2
DA:32,6
DA:33,1
DA:34,1
DA:35,4
DA:39,1
DA:41,1
DA:42,1
DA:43,1
DA:44,1
DA:45,0
DA:46,0
DA:48,1
DA:49,1
DA:50,1
DA:51,1
DA:53,1
DA:56,0
DA:57,0
DA:59,0
DA:72,1
DA:74,1
DA:76,3
DA:77,1
DA:78,1
DA:79,1
DA:80,3
DA:82,2
DA:83,1
DA:85,0
DA:87,1
DA:89,1
DA:90,1
DA:91,1
DA:92,1
DA:94,2
DA:101,1
DA:102,1
DA:103,1
DA:105,1
DA:107,1
DA:109,1
DA:110,1
DA:111,2
DA:112,1
DA:114,1
DA:116,1
DA:117,1
DA:118,1
DA:119,1
DA:122,1
DA:125,2
DA:126,2
DA:128,1
DA:130,1
DA:131,1
DA:132,1
DA:138,1
DA:140,1
DA:142,1
DA:144,1
DA:145,1
DA:148,1
DA:149,3
DA:152,0
DA:153,0
DA:154,0
DA:157,1
DA:159,1
DA:161,1
DA:162,1
DA:163,1
DA:170,1
DA:171,3
DA:173,1
DA:174,3
DA:176,1
DA:177,1
DA:178,1
DA:179,3
DA:181,2
DA:187,4
DA:190,1
DA:191,1
DA:193,1
DA:195,1
DA:196,2
DA:198,1
DA:199,1
DA:201,1
DA:203,1
DA:205,1
DA:207,1
DA:208,2
DA:209,1
DA:211,1
DA:212,0
DA:213,0
DA:216,0
DA:219,1
DA:220,1
DA:221,1
DA:223,1
DA:225,2
DA:226,2
DA:227,1
DA:229,0
DA:230,0
DA:236,2
DA:243,1
DA:245,1
DA:260,1
DA:262,1
DA:265,1
DA:266,1
DA:267,0
DA:268,0
DA:277,1
DA:279,2
DA:280,3
DA:283,1
DA:287,3
DA:290,1
DA:291,1
DA:292,1
DA:294,1
DA:295,1
DA:297,0
LF:133
LH:116
end_of_record
SF:lib\domain\usecases\get_now_playing_movies.dart
DA:10,1
DA:12,1
DA:13,2
LF:3
LH:3
end_of_record
SF:lib\domain\usecases\get_popular_movies.dart
DA:10,1
DA:12,1
DA:13,2
LF:3
LH:3
end_of_record
SF:lib\domain\usecases\get_top_rated_movies.dart
DA:10,1
DA:12,1
DA:13,2
LF:3
LH:3
end_of_record
SF:lib\domain\usecases\search_movies.dart
DA:10,1
DA:12,1
DA:13,2
LF:3
LH:3
end_of_record
SF:lib\presentation\bloc\now_playing_movie\now_playing_movie_bloc.dart
DA:11,1
DA:12,2
DA:13,2
DA:14,2
DA:16,2
DA:18,2
DA:19,3
DA:20,1
DA:21,2
LF:9
LH:9
end_of_record
SF:lib\presentation\bloc\now_playing_movie\now_playing_movie_event.dart
DA:4,1
DA:6,0
DA:7,0
DA:11,1
DA:13,0
DA:14,0
LF:6
LH:2
end_of_record
SF:lib\presentation\bloc\now_playing_movie\now_playing_movie_state.dart
DA:5,1
DA:7,1
DA:8,1
DA:18,1
DA:20,1
DA:21,2
DA:27,1
DA:29,1
DA:30,2
LF:9
LH:9
end_of_record
SF:lib\presentation\bloc\popular_movie\popular_movie_bloc.dart
DA:10,3
DA:11,2
DA:12,2
DA:14,2
DA:16,2
DA:17,3
DA:18,1
DA:19,2
LF:8
LH:8
end_of_record
SF:lib\presentation\bloc\popular_movie\popular_movie_event.dart
DA:4,2
DA:6,0
DA:7,0
DA:11,2
DA:13,0
DA:14,0
LF:6
LH:2
end_of_record
SF:lib\presentation\bloc\popular_movie\popular_movie_state.dart
DA:6,2
DA:8,1
DA:9,1
DA:19,2
DA:21,1
DA:22,2
DA:28,2
DA:30,1
DA:31,2
LF:9
LH:9
end_of_record
SF:lib\presentation\bloc\top_rated_movie\top_rated_movie_bloc.dart
DA:10,3
DA:11,2
DA:12,2
DA:14,2
DA:16,2
DA:17,3
DA:18,1
DA:19,2
LF:8
LH:8
end_of_record
SF:lib\presentation\bloc\top_rated_movie\top_rated_movie_event.dart
DA:4,2
DA:6,0
DA:7,0
DA:11,2
DA:13,0
DA:14,0
LF:6
LH:2
end_of_record
SF:lib\presentation\bloc\top_rated_movie\top_rated_movie_state.dart
DA:6,2
DA:8,1
DA:9,1
DA:19,2
DA:21,1
DA:22,2
DA:28,2
DA:30,1
DA:31,2
LF:9
LH:9
end_of_record
SF:lib\presentation\bloc\search_movie\search_movie_bloc.dart
DA:11,3
DA:12,2
DA:13,1
DA:15,2
DA:17,2
DA:19,2
DA:20,3
DA:21,1
DA:22,2
DA:24,1
DA:27,1
DA:28,3
LF:12
LH:12
end_of_record
SF:lib\presentation\bloc\search_movie\search_movie_event.dart
DA:4,1
DA:6,0
DA:7,0
DA:13,1
DA:15,0
DA:16,0
LF:6
LH:2
end_of_record
SF:lib\presentation\bloc\search_movie\search_movie_state.dart
DA:6,1
DA:8,1
DA:9,1
DA:19,1
DA:21,1
DA:22,2
DA:28,1
DA:30,1
DA:31,2
LF:9
LH:9
end_of_record
SF:lib\presentation\pages\popular_movies_page.dart
DA:12,1
DA:13,1
DA:17,1
DA:19,1
DA:20,1
DA:21,5
DA:24,1
DA:26,1
DA:27,1
DA:28,1
DA:30,1
DA:32,1
DA:33,1
DA:34,1
DA:35,1
DA:36,1
DA:38,1
DA:39,1
DA:40,1
DA:41,2
DA:42,1
DA:44,2
DA:46,1
DA:47,1
DA:48,1
DA:49,2
DA:52,0
LF:27
LH:26
end_of_record
SF:lib\presentation\widgets\movie_card_list.dart
DA:10,2
DA:12,2
DA:14,2
DA:16,2
DA:17,0
DA:18,0
DA:21,0
DA:24,2
DA:26,2
DA:27,2
DA:28,2
DA:34,2
DA:36,2
DA:37,2
DA:38,4
DA:41,2
DA:43,2
DA:44,2
DA:45,4
DA:53,2
DA:58,2
DA:59,2
DA:60,6
DA:62,4
DA:63,2
DA:65,0
DA:67,4
LF:27
LH:23
end_of_record
SF:lib\presentation\pages\top_rated_movies_page.dart
DA:13,1
DA:14,1
DA:18,1
DA:20,1
DA:21,1
DA:22,5
DA:25,1
DA:27,1
DA:28,1
DA:29,1
DA:31,1
DA:33,1
DA:34,1
DA:35,1
DA:36,1
DA:37,1
DA:39,1
DA:40,1
DA:41,1
DA:42,2
DA:43,1
DA:45,2
DA:47,1
DA:48,1
DA:49,1
DA:50,2
DA:53,0
LF:27
LH:26
end_of_record
