SF:lib\data\datasources\tv_local_data_source.dart
DA:16,1
DA:18,1
DA:20,2
DA:22,1
DA:28,1
DA:30,2
DA:31,4
DA:34,1
DA:37,2
DA:40,2
DA:44,1
DA:47,2
DA:50,2
LF:13
LH:13
end_of_record
SF:lib\data\models\tv_table.dart
DA:13,2
DA:21,2
DA:22,1
DA:23,1
DA:24,1
DA:25,1
DA:29,2
DA:30,1
DA:31,1
DA:32,1
DA:33,1
DA:37,0
DA:38,0
DA:39,0
DA:40,0
DA:41,0
DA:42,0
DA:45,2
DA:46,1
DA:47,1
DA:48,1
DA:49,1
DA:52,2
DA:54,10
LF:24
LH:18
end_of_record
SF:lib\domain\entities\tv.dart
DA:18,12
DA:34,2
DA:41,8
DA:43,8
DA:44,8
DA:45,8
DA:46,8
DA:47,8
DA:48,8
DA:49,8
DA:50,8
DA:51,8
DA:52,8
DA:53,8
DA:54,8
DA:55,8
DA:56,8
LF:17
LH:17
end_of_record
SF:lib\domain\entities\tv_detail.dart
DA:18,7
DA:33,2
DA:35,2
DA:36,2
DA:37,2
DA:38,2
DA:39,2
DA:40,2
DA:41,2
DA:42,2
DA:43,2
DA:44,2
DA:45,2
DA:46,2
LF:14
LH:14
end_of_record
SF:lib\data\datasources\tv_remote_data_source.dart
DA:23,1
DA:25,1
DA:28,4
DA:30,2
DA:31,4
DA:33,1
DA:37,1
DA:40,4
DA:42,2
DA:43,4
DA:45,1
DA:49,1
DA:52,4
DA:54,2
DA:55,4
DA:57,1
DA:61,1
DA:63,4
DA:64,2
DA:65,3
DA:67,1
DA:71,1
DA:73,1
DA:74,3
DA:76,2
DA:77,4
DA:79,1
DA:83,1
DA:85,1
DA:86,3
DA:88,2
DA:89,4
DA:91,1
LF:33
LH:33
end_of_record
SF:lib\data\models\tv_detail_response.dart
DA:29,2
DA:53,1
DA:54,1
DA:55,1
DA:56,1
DA:57,1
DA:58,1
DA:59,4
DA:60,1
DA:61,1
DA:62,1
DA:63,1
DA:64,1
DA:65,1
DA:66,2
DA:67,1
DA:68,1
DA:69,1
DA:70,1
DA:71,1
DA:72,1
DA:73,1
DA:74,1
DA:75,2
DA:76,1
DA:79,0
DA:80,0
DA:81,0
DA:82,0
DA:83,0
DA:84,0
DA:85,0
DA:86,0
DA:87,0
DA:88,0
DA:89,0
DA:90,0
DA:91,0
DA:92,0
DA:93,0
DA:94,0
DA:95,0
DA:96,0
DA:97,0
DA:98,0
DA:99,0
DA:100,0
DA:103,1
DA:104,1
DA:105,1
DA:106,1
DA:107,5
DA:108,1
DA:109,1
DA:110,1
DA:111,1
DA:112,1
DA:113,1
DA:114,1
DA:115,1
DA:116,1
DA:120,1
DA:122,1
DA:123,1
DA:124,1
DA:125,1
DA:126,1
DA:127,1
DA:128,1
DA:129,1
DA:130,1
DA:131,1
DA:132,1
DA:133,1
DA:134,1
DA:135,1
DA:136,1
DA:137,1
DA:138,1
DA:139,1
DA:140,1
DA:141,1
DA:142,1
DA:143,1
LF:84
LH:62
end_of_record
SF:lib\data\models\tv_model.dart
DA:20,4
DA:36,4
DA:37,2
DA:38,2
DA:39,8
DA:40,2
DA:41,2
DA:42,2
DA:43,4
DA:44,2
DA:45,2
DA:46,2
DA:47,2
DA:48,4
DA:49,2
DA:52,2
DA:53,1
DA:54,1
DA:55,4
DA:56,1
DA:57,1
DA:58,1
DA:59,1
DA:60,1
DA:61,1
DA:62,1
DA:63,1
DA:64,1
DA:65,1
DA:68,2
DA:69,2
DA:70,2
DA:71,2
DA:72,2
DA:73,2
DA:74,2
DA:75,2
DA:76,2
DA:77,2
DA:78,2
DA:79,2
DA:80,2
DA:81,2
DA:82,2
DA:86,2
DA:88,2
DA:89,2
DA:90,2
DA:91,2
DA:92,2
DA:93,2
DA:94,2
DA:95,2
DA:96,2
DA:97,2
DA:98,2
DA:99,2
DA:100,2
DA:101,2
LF:59
LH:59
end_of_record
SF:lib\data\models\tv_response.dart
DA:7,2
DA:9,4
DA:10,4
DA:11,6
DA:12,6
DA:15,2
DA:16,5
DA:19,1
DA:21,2
LF:9
LH:9
end_of_record
SF:lib\domain\usecases\get_now_playing_tv.dart
DA:9,1
DA:11,1
DA:12,2
LF:3
LH:3
end_of_record
SF:lib\data\repositories\tv_repository_impl.dart
DA:15,1
DA:20,1
DA:23,2
DA:24,5
DA:25,1
DA:26,2
DA:27,1
DA:28,2
DA:29,0
DA:30,0
DA:32,0
DA:36,1
DA:39,2
DA:40,5
DA:41,1
DA:42,2
DA:43,1
DA:44,2
DA:45,0
DA:46,0
DA:48,0
DA:52,1
DA:55,2
DA:56,5
DA:57,1
DA:58,2
DA:59,1
DA:60,2
DA:61,0
DA:62,0
DA:64,0
DA:68,1
DA:71,2
DA:72,2
DA:73,1
DA:74,2
DA:75,1
DA:76,2
DA:77,0
DA:78,0
DA:80,0
DA:84,1
DA:87,2
DA:88,5
DA:89,1
DA:90,2
DA:91,1
DA:92,2
DA:93,0
DA:94,0
DA:96,0
DA:100,1
DA:102,2
DA:103,5
DA:106,1
DA:108,2
DA:112,1
DA:115,3
DA:116,1
DA:117,1
DA:118,3
DA:124,1
DA:127,3
DA:128,1
DA:129,1
DA:130,3
DA:136,1
DA:139,2
DA:140,5
DA:141,1
DA:142,2
DA:143,1
DA:144,2
DA:145,0
DA:146,0
DA:148,0
LF:76
LH:58
end_of_record
SF:lib\domain\usecases\get_popular_tv.dart
DA:9,1
DA:11,1
DA:12,2
LF:3
LH:3
end_of_record
SF:lib\domain\usecases\get_top_rated_tv.dart
DA:9,1
DA:11,1
DA:12,2
LF:3
LH:3
end_of_record
SF:lib\domain\usecases\get_tv_detail.dart
DA:9,1
DA:11,1
DA:12,2
LF:3
LH:3
end_of_record
SF:lib\domain\usecases\get_tv_recommendations.dart
DA:9,1
DA:11,1
DA:12,2
LF:3
LH:3
end_of_record
SF:lib\domain\usecases\get_watchlist_tv_status.dart
DA:6,1
DA:8,1
DA:9,2
LF:3
LH:3
end_of_record
SF:lib\domain\usecases\get_watchlist_tv.dart
DA:9,1
DA:11,1
DA:12,2
LF:3
LH:3
end_of_record
SF:lib\domain\usecases\remove_watchlist_tv.dart
DA:9,1
DA:11,1
DA:12,2
LF:3
LH:3
end_of_record
SF:lib\domain\usecases\save_watchlist_tv.dart
DA:9,1
DA:11,1
DA:12,2
LF:3
LH:3
end_of_record
SF:lib\domain\usecases\search_tv.dart
DA:9,1
DA:11,1
DA:12,2
LF:3
LH:3
end_of_record
SF:lib\presentation\bloc\now_playing_tv\now_playing_tv_bloc.dart
DA:9,3
DA:10,2
DA:11,2
DA:13,2
DA:15,2
DA:16,3
DA:17,1
DA:18,2
LF:8
LH:8
end_of_record
SF:lib\presentation\bloc\now_playing_tv\now_playing_tv_event.dart
DA:4,2
DA:6,0
DA:7,0
DA:11,2
DA:13,0
DA:14,0
LF:6
LH:2
end_of_record
SF:lib\presentation\bloc\now_playing_tv\now_playing_tv_state.dart
DA:5,2
DA:7,1
DA:8,1
DA:18,2
DA:20,1
DA:21,2
DA:27,2
DA:29,1
DA:30,2
LF:9
LH:9
end_of_record
SF:lib\presentation\bloc\popular_tv\popular_tv_bloc.dart
DA:9,3
DA:10,2
DA:11,2
DA:13,2
DA:15,2
DA:16,3
DA:17,1
DA:18,2
LF:8
LH:8
end_of_record
SF:lib\presentation\bloc\popular_tv\popular_tv_event.dart
DA:4,2
DA:6,0
DA:7,0
DA:11,2
DA:13,0
DA:14,0
LF:6
LH:2
end_of_record
SF:lib\presentation\bloc\popular_tv\popular_tv_state.dart
DA:5,2
DA:7,1
DA:8,1
DA:18,2
DA:20,1
DA:21,2
DA:27,2
DA:29,1
DA:30,2
LF:9
LH:9
end_of_record
SF:lib\presentation\bloc\search_tv\search_tv_bloc.dart
DA:10,3
DA:11,2
DA:12,1
DA:14,2
DA:16,2
DA:17,2
DA:18,3
DA:19,1
DA:20,2
DA:22,1
DA:25,1
DA:26,3
LF:12
LH:12
end_of_record
SF:lib\presentation\bloc\search_tv\search_tv_event.dart
DA:4,1
DA:6,0
DA:7,0
DA:13,1
DA:15,0
DA:16,0
LF:6
LH:2
end_of_record
SF:lib\presentation\bloc\search_tv\search_tv_state.dart
DA:5,1
DA:7,1
DA:8,1
DA:18,1
DA:20,1
DA:21,2
DA:27,1
DA:29,1
DA:30,2
LF:9
LH:9
end_of_record
SF:lib\presentation\bloc\top_rated_tv\top_rated_tv_bloc.dart
DA:9,3
DA:10,2
DA:11,2
DA:13,2
DA:15,2
DA:16,3
DA:17,1
DA:18,2
LF:8
LH:8
end_of_record
SF:lib\presentation\bloc\top_rated_tv\top_rated_tv_event.dart
DA:4,2
DA:6,0
DA:7,0
DA:11,2
DA:13,0
DA:14,0
LF:6
LH:2
end_of_record
SF:lib\presentation\bloc\top_rated_tv\top_rated_tv_state.dart
DA:5,2
DA:7,1
DA:8,1
DA:18,2
DA:20,1
DA:21,2
DA:27,2
DA:29,1
DA:30,2
LF:9
LH:9
end_of_record
SF:lib\presentation\bloc\tv_detail\tv_detail_bloc.dart
DA:11,1
DA:14,2
DA:15,2
DA:16,1
DA:18,2
DA:20,2
DA:21,2
DA:23,2
DA:24,3
DA:25,1
DA:26,2
DA:27,3
DA:28,1
DA:29,2
LF:14
LH:14
end_of_record
SF:lib\presentation\bloc\tv_detail\tv_detail_event.dart
DA:4,2
DA:6,0
DA:7,0
DA:13,2
DA:15,1
DA:16,2
LF:6
LH:4
end_of_record
SF:lib\presentation\bloc\tv_detail\tv_detail_state.dart
DA:6,2
DA:8,1
DA:9,1
DA:20,2
DA:22,1
DA:23,3
DA:29,1
DA:31,1
DA:32,2
LF:9
LH:9
end_of_record
SF:lib\presentation\bloc\watchlist_tv\watchlist_tv_bloc.dart
DA:9,3
DA:10,2
DA:11,2
DA:13,2
DA:15,2
DA:16,3
DA:17,1
DA:18,2
LF:8
LH:8
end_of_record
SF:lib\presentation\bloc\watchlist_tv\watchlist_tv_event.dart
DA:4,1
DA:6,0
DA:7,0
DA:11,1
DA:13,0
DA:14,0
LF:6
LH:2
end_of_record
SF:lib\presentation\bloc\watchlist_tv\watchlist_tv_state.dart
DA:5,1
DA:7,1
DA:8,1
DA:18,1
DA:20,1
DA:21,2
DA:27,1
DA:29,1
DA:30,2
LF:9
LH:9
end_of_record
SF:lib\presentation\bloc\watchlist_tv_status\watchlist_tv_status_bloc.dart
DA:17,1
DA:21,2
DA:22,2
DA:23,1
DA:24,2
DA:25,3
DA:27,1
DA:28,0
DA:29,1
DA:30,2
DA:33,2
DA:34,1
DA:35,2
DA:36,3
DA:38,1
DA:39,0
DA:40,1
DA:41,2
DA:44,2
DA:45,1
DA:46,2
DA:47,2
LF:22
LH:20
end_of_record
SF:lib\presentation\bloc\watchlist_tv_status\watchlist_tv_status_event.dart
DA:5,2
DA:7,0
DA:8,0
DA:14,2
DA:16,0
DA:17,0
DA:23,1
DA:25,0
DA:26,0
DA:32,2
DA:34,1
DA:35,2
LF:12
LH:6
end_of_record
SF:lib\presentation\bloc\watchlist_tv_status\watchlist_tv_status_state.dart
DA:7,2
DA:9,1
DA:10,3
LF:3
LH:3
end_of_record
SF:lib\presentation\pages\now_playing_tv_page.dart
DA:10,1
DA:11,1
DA:15,1
DA:17,1
DA:18,1
DA:19,5
DA:22,1
DA:24,1
DA:25,1
DA:26,1
DA:28,1
DA:30,1
DA:31,1
DA:32,1
DA:33,1
DA:34,1
DA:36,1
DA:37,1
DA:38,1
DA:39,2
DA:40,1
DA:42,2
DA:44,1
DA:45,1
DA:46,1
DA:47,2
DA:50,0
LF:27
LH:26
end_of_record
SF:lib\presentation\widgets\tv_card_list.dart
DA:9,3
DA:11,3
DA:13,3
DA:14,3
DA:15,3
DA:16,0
DA:17,0
DA:20,0
DA:23,3
DA:25,3
DA:26,3
DA:27,3
DA:28,3
DA:29,6
DA:33,3
DA:35,3
DA:36,3
DA:37,6
DA:40,3
DA:42,3
DA:45,3
DA:46,6
DA:54,3
DA:59,3
DA:60,3
DA:61,9
DA:63,6
DA:64,3
DA:66,0
DA:67,0
DA:70,6
LF:31
LH:26
end_of_record
SF:lib\presentation\pages\popular_tv_page.dart
DA:13,1
DA:14,1
DA:18,1
DA:20,1
DA:21,6
DA:24,1
DA:26,1
DA:27,1
DA:28,1
DA:30,1
DA:32,1
DA:33,1
DA:34,1
DA:35,1
DA:36,1
DA:38,1
DA:39,1
DA:40,1
DA:41,2
DA:42,1
DA:44,2
DA:46,1
DA:47,1
DA:48,1
DA:49,2
DA:52,0
LF:26
LH:25
end_of_record
SF:lib\presentation\pages\top_rated_tv_page.dart
DA:12,1
DA:13,1
DA:17,1
DA:19,1
DA:20,1
DA:21,5
DA:24,1
DA:26,1
DA:27,1
DA:28,1
DA:30,1
DA:32,1
DA:33,1
DA:34,1
DA:35,1
DA:36,1
DA:38,1
DA:39,1
DA:40,1
DA:41,2
DA:42,1
DA:44,2
DA:46,1
DA:47,1
DA:48,1
DA:49,2
DA:52,0
LF:27
LH:26
end_of_record
SF:lib\presentation\pages\tv_detail_page.dart
DA:21,1
DA:23,1
DA:24,1
DA:28,1
DA:30,1
DA:31,2
DA:32,6
DA:33,1
DA:34,1
DA:35,4
DA:39,1
DA:41,1
DA:42,1
DA:43,1
DA:44,1
DA:45,0
DA:46,0
DA:48,1
DA:49,1
DA:50,1
DA:51,2
DA:53,0
DA:54,0
DA:56,0
DA:68,1
DA:70,1
DA:72,3
DA:73,1
DA:74,1
DA:75,1
DA:76,3
DA:78,2
DA:79,1
DA:81,0
DA:83,1
DA:85,1
DA:86,1
DA:87,1
DA:88,1
DA:90,2
DA:97,1
DA:98,1
DA:99,1
DA:101,1
DA:103,1
DA:105,1
DA:106,1
DA:107,2
DA:108,1
DA:110,1
DA:112,1
DA:113,1
DA:114,1
DA:115,1
DA:118,1
DA:121,2
DA:122,2
DA:124,1
DA:126,1
DA:127,1
DA:128,1
DA:134,1
DA:136,1
DA:138,1
DA:140,1
DA:141,1
DA:144,1
DA:145,3
DA:148,0
DA:149,0
DA:152,1
DA:154,1
DA:156,1
DA:157,1
DA:158,1
DA:165,1
DA:166,3
DA:168,1
DA:169,3
DA:171,1
DA:172,1
DA:173,1
DA:174,3
DA:176,2
DA:182,4
DA:185,1
DA:186,1
DA:188,1
DA:190,1
DA:191,2
DA:193,1
DA:194,1
DA:196,1
DA:198,1
DA:200,1
DA:202,1
DA:203,2
DA:204,1
DA:206,1
DA:207,0
DA:208,0
DA:211,0
DA:214,1
DA:215,1
DA:216,1
DA:218,1
DA:220,2
DA:221,2
DA:222,1
DA:224,0
DA:225,0
DA:231,2
DA:238,1
DA:240,1
DA:255,1
DA:257,1
DA:260,1
DA:261,1
DA:262,0
DA:263,0
DA:272,1
DA:274,2
DA:275,3
DA:278,1
DA:282,3
DA:285,1
DA:286,1
DA:287,1
DA:289,1
DA:290,1
DA:292,0
LF:131
LH:115
end_of_record
